Determining if the Q_WS_WIN exist failed with the following output:
Change Dir: /media/sf_Nshare/B1-531/bui/CMakeFiles/CMakeTmp

Run Build Command(s):/usr/bin/make cmTC_d4425/fast && make: Warning: File `Makefile' has modification time 1.2 s in the future
/usr/bin/make -f CMakeFiles/cmTC_d4425.dir/build.make CMakeFiles/cmTC_d4425.dir/build
make[1]: Entering directory `/media/sf_Nshare/B1-531/bui/CMakeFiles/CMakeTmp'
make[1]: Warning: File `CMakeFiles/cmTC_d4425.dir/flags.make' has modification time 1.2 s in the future
Building CXX object CMakeFiles/cmTC_d4425.dir/CheckSymbolExists.cxx.o
/usr/bin/c++   -I/usr/include/qt4   -o CMakeFiles/cmTC_d4425.dir/CheckSymbolExists.cxx.o -c /media/sf_Nshare/B1-531/bui/CMakeFiles/CMakeTmp/CheckSymbolExists.cxx
/media/sf_Nshare/B1-531/bui/CMakeFiles/CMakeTmp/CheckSymbolExists.cxx: In function ‘int main(int, char**)’:
/media/sf_Nshare/B1-531/bui/CMakeFiles/CMakeTmp/CheckSymbolExists.cxx:8:19: error: ‘Q_WS_WIN’ was not declared in this scope
   return ((int*)(&Q_WS_WIN))[argc];
                   ^
make[1]: *** [CMakeFiles/cmTC_d4425.dir/CheckSymbolExists.cxx.o] Error 1
make[1]: Leaving directory `/media/sf_Nshare/B1-531/bui/CMakeFiles/CMakeTmp'
make: *** [cmTC_d4425/fast] Error 2


File /media/sf_Nshare/B1-531/bui/CMakeFiles/CMakeTmp/CheckSymbolExists.cxx:
/* */
#include <QtCore/qglobal.h>

int main(int argc, char** argv)
{
  (void)argv;
#ifndef Q_WS_WIN
  return ((int*)(&Q_WS_WIN))[argc];
#else
  (void)argc;
  return 0;
#endif
}
Determining if the Q_WS_QWS exist failed with the following output:
Change Dir: /media/sf_Nshare/B1-531/bui/CMakeFiles/CMakeTmp

Run Build Command(s):/usr/bin/make cmTC_9ab6e/fast && make: Warning: File `Makefile' has modification time 1.2 s in the future
/usr/bin/make -f CMakeFiles/cmTC_9ab6e.dir/build.make CMakeFiles/cmTC_9ab6e.dir/build
make[1]: Entering directory `/media/sf_Nshare/B1-531/bui/CMakeFiles/CMakeTmp'
make[1]: Warning: File `CMakeFiles/cmTC_9ab6e.dir/flags.make' has modification time 1.2 s in the future
Building CXX object CMakeFiles/cmTC_9ab6e.dir/CheckSymbolExists.cxx.o
/usr/bin/c++   -I/usr/include/qt4   -o CMakeFiles/cmTC_9ab6e.dir/CheckSymbolExists.cxx.o -c /media/sf_Nshare/B1-531/bui/CMakeFiles/CMakeTmp/CheckSymbolExists.cxx
/media/sf_Nshare/B1-531/bui/CMakeFiles/CMakeTmp/CheckSymbolExists.cxx: In function ‘int main(int, char**)’:
/media/sf_Nshare/B1-531/bui/CMakeFiles/CMakeTmp/CheckSymbolExists.cxx:8:19: error: ‘Q_WS_QWS’ was not declared in this scope
   return ((int*)(&Q_WS_QWS))[argc];
                   ^
make[1]: *** [CMakeFiles/cmTC_9ab6e.dir/CheckSymbolExists.cxx.o] Error 1
make[1]: Leaving directory `/media/sf_Nshare/B1-531/bui/CMakeFiles/CMakeTmp'
make: *** [cmTC_9ab6e/fast] Error 2


File /media/sf_Nshare/B1-531/bui/CMakeFiles/CMakeTmp/CheckSymbolExists.cxx:
/* */
#include <QtCore/qglobal.h>

int main(int argc, char** argv)
{
  (void)argv;
#ifndef Q_WS_QWS
  return ((int*)(&Q_WS_QWS))[argc];
#else
  (void)argc;
  return 0;
#endif
}
Determining if the Q_WS_MAC exist failed with the following output:
Change Dir: /media/sf_Nshare/B1-531/bui/CMakeFiles/CMakeTmp

Run Build Command(s):/usr/bin/make cmTC_9cb14/fast && make: Warning: File `Makefile' has modification time 1.2 s in the future
/usr/bin/make -f CMakeFiles/cmTC_9cb14.dir/build.make CMakeFiles/cmTC_9cb14.dir/build
make[1]: Entering directory `/media/sf_Nshare/B1-531/bui/CMakeFiles/CMakeTmp'
make[1]: Warning: File `CMakeFiles/cmTC_9cb14.dir/flags.make' has modification time 1.2 s in the future
Building CXX object CMakeFiles/cmTC_9cb14.dir/CheckSymbolExists.cxx.o
/usr/bin/c++   -I/usr/include/qt4   -o CMakeFiles/cmTC_9cb14.dir/CheckSymbolExists.cxx.o -c /media/sf_Nshare/B1-531/bui/CMakeFiles/CMakeTmp/CheckSymbolExists.cxx
/media/sf_Nshare/B1-531/bui/CMakeFiles/CMakeTmp/CheckSymbolExists.cxx: In function ‘int main(int, char**)’:
/media/sf_Nshare/B1-531/bui/CMakeFiles/CMakeTmp/CheckSymbolExists.cxx:8:19: error: ‘Q_WS_MAC’ was not declared in this scope
   return ((int*)(&Q_WS_MAC))[argc];
                   ^
make[1]: *** [CMakeFiles/cmTC_9cb14.dir/CheckSymbolExists.cxx.o] Error 1
make[1]: Leaving directory `/media/sf_Nshare/B1-531/bui/CMakeFiles/CMakeTmp'
make: *** [cmTC_9cb14/fast] Error 2


File /media/sf_Nshare/B1-531/bui/CMakeFiles/CMakeTmp/CheckSymbolExists.cxx:
/* */
#include <QtCore/qglobal.h>

int main(int argc, char** argv)
{
  (void)argv;
#ifndef Q_WS_MAC
  return ((int*)(&Q_WS_MAC))[argc];
#else
  (void)argc;
  return 0;
#endif
}
